C:\Program Files\Microsoft Visual Studio\2022\Community\MSBuild\Microsoft\VC\v170\Microsoft.CppBuild.targets(531,5): warning MSB8028: Das Zwischenverzeichnis (C:\Users\H-zz-H\Desktop\H-zz-H Exploits\cs2 cheat\Source\Intermediates\) enthält freigegebene Dateien aus einem anderen Projekt (Fusion-CS2.vcxproj). Dies kann zu einem falschen Bereinigungs- und Neuerstellungsverhalten führen.
  Entities.cpp
  imgui.cpp
  imgui_demo.cpp
  imgui_draw.cpp
  imgui_impl_dx11.cpp
  imgui_impl_win32.cpp
  imgui_tables.cpp
  imgui_widgets.cpp
  TextEditor.cpp
  kiero.cpp
  Interface.cpp
  Aimbot.cpp
  EntryPoint.cpp
  Math.cpp
  Visuals.cpp
  buffer.c
  hde32.c
  hde64.c
  hook.c
  trampoline.c
  Code wird generiert.
  Previous IPDB not found, fall back to full compilation.
  All 2383 functions were compiled because no usable IPDB/IOBJ from previous compilation was found.
  Codegenerierung ist abgeschlossen.
  HzzH.vcxproj -> C:\Users\H-zz-H\Desktop\H-zz-H Exploits\cs2 cheat\Source\Build\HzzH.dll
  Der Befehl "pwsh.exe" ist entweder falsch geschrieben oder
  konnte nicht gefunden werden.
